Determining if the pthread_create exist failed with the following output:
Change Dir: /home/win/ROS/catkin_ws2/build/CMakeFiles/CMakeTmp

Run Build Command:/usr/bin/make "cmTryCompileExec3840442195/fast"
/usr/bin/make -f CMakeFiles/cmTryCompileExec3840442195.dir/build.make CMakeFiles/cmTryCompileExec3840442195.dir/build
make[1]: 正在进入目录 `/home/win/ROS/catkin_ws2/build/CMakeFiles/CMakeTmp'
/usr/bin/cmake -E cmake_progress_report /home/win/ROS/catkin_ws2/build/CMakeFiles/CMakeTmp/CMakeFiles 1
Building C object CMakeFiles/cmTryCompileExec3840442195.dir/CheckSymbolExists.c.o
/usr/bin/cc    -o CMakeFiles/cmTryCompileExec3840442195.dir/CheckSymbolExists.c.o   -c /home/win/ROS/catkin_ws2/build/CMakeFiles/CMakeTmp/CheckSymbolExists.c
Linking C executable cmTryCompileExec3840442195
/usr/bin/cmake -E cmake_link_script CMakeFiles/cmTryCompileExec3840442195.dir/link.txt --verbose=1
/usr/bin/cc       CMakeFiles/cmTryCompileExec3840442195.dir/CheckSymbolExists.c.o  -o cmTryCompileExec3840442195 -rdynamic 
CMakeFiles/cmTryCompileExec3840442195.dir/CheckSymbolExists.c.o：在函数‘main’中：
CheckSymbolExists.c:(.text+0x16)：对‘pthread_create’未定义的引用
collect2: error: ld returned 1 exit status
make[1]: *** [cmTryCompileExec3840442195] 错误 1
make[1]:正在离开目录 `/home/win/ROS/catkin_ws2/build/CMakeFiles/CMakeTmp'
make: *** [cmTryCompileExec3840442195/fast] 错误 2

File /home/win/ROS/catkin_ws2/build/CMakeFiles/CMakeTmp/CheckSymbolExists.c:
/* */
#include <pthread.h>

int main(int argc, char** argv)
{
  (void)argv;
#ifndef pthread_create
  return ((int*)(&pthread_create))[argc];
#else
  (void)argc;
  return 0;
#endif
}

Determining if the function pthread_create exists in the pthreads failed with the following output:
Change Dir: /home/win/ROS/catkin_ws2/build/CMakeFiles/CMakeTmp

Run Build Command:/usr/bin/make "cmTryCompileExec801956006/fast"
/usr/bin/make -f CMakeFiles/cmTryCompileExec801956006.dir/build.make CMakeFiles/cmTryCompileExec801956006.dir/build
make[1]: 正在进入目录 `/home/win/ROS/catkin_ws2/build/CMakeFiles/CMakeTmp'
/usr/bin/cmake -E cmake_progress_report /home/win/ROS/catkin_ws2/build/CMakeFiles/CMakeTmp/CMakeFiles 1
Building C object CMakeFiles/cmTryCompileExec801956006.dir/CheckFunctionExists.c.o
/usr/bin/cc   -DCHECK_FUNCTION_EXISTS=pthread_create   -o CMakeFiles/cmTryCompileExec801956006.dir/CheckFunctionExists.c.o   -c /usr/share/cmake-2.8/Modules/CheckFunctionExists.c
Linking C executable cmTryCompileExec801956006
/usr/bin/cmake -E cmake_link_script CMakeFiles/cmTryCompileExec801956006.dir/link.txt --verbose=1
/usr/bin/cc   -DCHECK_FUNCTION_EXISTS=pthread_create    CMakeFiles/cmTryCompileExec801956006.dir/CheckFunctionExists.c.o  -o cmTryCompileExec801956006 -rdynamic -lpthreads 
/usr/bin/ld: 找不到 -lpthreads
collect2: error: ld returned 1 exit status
make[1]:正在离开目录 `/home/win/ROS/catkin_ws2/build/CMakeFiles/CMakeTmp'
make[1]: *** [cmTryCompileExec801956006] 错误 1
make: *** [cmTryCompileExec801956006/fast] 错误 2


