Determining if the pthread_create exist failed with the following output:
Change Dir: /home/yobot/ROS/catkin_ws/build/CMakeFiles/CMakeTmp

Run Build Command:/usr/bin/make "cmTryCompileExec61593012/fast"
/usr/bin/make -f CMakeFiles/cmTryCompileExec61593012.dir/build.make CMakeFiles/cmTryCompileExec61593012.dir/build
make[1]: 正在进入目录 `/home/yobot/ROS/catkin_ws/build/CMakeFiles/CMakeTmp'
/usr/bin/cmake -E cmake_progress_report /home/yobot/ROS/catkin_ws/build/CMakeFiles/CMakeTmp/CMakeFiles 1
Building C object CMakeFiles/cmTryCompileExec61593012.dir/CheckSymbolExists.c.o
/usr/bin/cc    -o CMakeFiles/cmTryCompileExec61593012.dir/CheckSymbolExists.c.o   -c /home/yobot/ROS/catkin_ws/build/CMakeFiles/CMakeTmp/CheckSymbolExists.c
Linking C executable cmTryCompileExec61593012
/usr/bin/cmake -E cmake_link_script CMakeFiles/cmTryCompileExec61593012.dir/link.txt --verbose=1
/usr/bin/cc       CMakeFiles/cmTryCompileExec61593012.dir/CheckSymbolExists.c.o  -o cmTryCompileExec61593012 -rdynamic 
CMakeFiles/cmTryCompileExec61593012.dir/CheckSymbolExists.c.o：在函数‘main’中：
CheckSymbolExists.c:(.text+0x16)：对‘pthread_create’未定义的引用
collect2: error: ld returned 1 exit status
make[1]:正在离开目录 `/home/yobot/ROS/catkin_ws/build/CMakeFiles/CMakeTmp'
make[1]: *** [cmTryCompileExec61593012] 错误 1
make: *** [cmTryCompileExec61593012/fast] 错误 2

File /home/yobot/ROS/catkin_ws/build/CMakeFiles/CMakeTmp/CheckSymbolExists.c:
/* */
#include <pthread.h>

int main(int argc, char** argv)
{
  (void)argv;
#ifndef pthread_create
  return ((int*)(&pthread_create))[argc];
#else
  (void)argc;
  return 0;
#endif
}

Determining if the function pthread_create exists in the pthreads failed with the following output:
Change Dir: /home/yobot/ROS/catkin_ws/build/CMakeFiles/CMakeTmp

Run Build Command:/usr/bin/make "cmTryCompileExec573636321/fast"
/usr/bin/make -f CMakeFiles/cmTryCompileExec573636321.dir/build.make CMakeFiles/cmTryCompileExec573636321.dir/build
make[1]: 正在进入目录 `/home/yobot/ROS/catkin_ws/build/CMakeFiles/CMakeTmp'
/usr/bin/cmake -E cmake_progress_report /home/yobot/ROS/catkin_ws/build/CMakeFiles/CMakeTmp/CMakeFiles 1
Building C object CMakeFiles/cmTryCompileExec573636321.dir/CheckFunctionExists.c.o
/usr/bin/cc   -DCHECK_FUNCTION_EXISTS=pthread_create   -o CMakeFiles/cmTryCompileExec573636321.dir/CheckFunctionExists.c.o   -c /usr/share/cmake-2.8/Modules/CheckFunctionExists.c
Linking C executable cmTryCompileExec573636321
/usr/bin/cmake -E cmake_link_script CMakeFiles/cmTryCompileExec573636321.dir/link.txt --verbose=1
/usr/bin/cc   -DCHECK_FUNCTION_EXISTS=pthread_create    CMakeFiles/cmTryCompileExec573636321.dir/CheckFunctionExists.c.o  -o cmTryCompileExec573636321 -rdynamic -lpthreads 
/usr/bin/ld: 找不到 -lpthreads
collect2: error: ld returned 1 exit status
make[1]:正在离开目录 `/home/yobot/ROS/catkin_ws/build/CMakeFiles/CMakeTmp'
make[1]: *** [cmTryCompileExec573636321] 错误 1
make: *** [cmTryCompileExec573636321/fast] 错误 2


